#separator \x09
#set_separator	,
#empty_field	(empty)
#unset_field	-
#path	ocsp
#open	2026-02-11-11-23-15
#fields	ts	id	hashAlgorithm	issuerNameHash	issuerKeyHash	serialNumber	certStatus	revoketime	revokereason	thisUpdate	nextUpdate
#types	time	string	string	string	string	string	string	time	string	time	time
1770826995.582786	FWXBbw4PFGk3OtyD0g	sha1	EE309C404F6B6B6256B48E26BFE4451298BAE4DD	75BEC477AE89F644377DCFB1681F1D1AEBDC3459	DF4951859D92BB5112767F159F942AAD	good	-	-	1770806400.000000	1771407599.000000
1770827017.787629	FQCaOd1mSWR1sSolT4	sha1	E4E395A229D3D4C1C31FF0980C0B4EC0098AABD8	B76BA2EAA8AA848C79EAB4DA0F98B2C59576B9F4	0D6B7E715D2E517C36D8F587C61F25B0	good	-	-	1770583500.000000	1771184700.000000
1770827018.398079	FhE8GA2fk8IiG7bBvf	sha1	105FA67A80089DB5279F35CE830B43889EA3C70D	0F80611C823161D52F28E78D4638B42CE1C6D9E2	0DBE3F82577472C15BDC81BAB084FDCD	good	-	-	1770676434.000000	1771277634.000000
1770827018.398081	FTMU1M14fZmYzrwFw7	sha1	105FA67A80089DB5279F35CE830B43889EA3C70D	0F80611C823161D52F28E78D4638B42CE1C6D9E2	0DBE3F82577472C15BDC81BAB084FDCD	good	-	-	1770676434.000000	1771277634.000000
1770827056.314744	FR4WNW6ZlS7oJSO2c	sha1	E4E395A229D3D4C1C31FF0980C0B4EC0098AABD8	B76BA2EAA8AA848C79EAB4DA0F98B2C59576B9F4	0AAB3DAC5E34E76C01328A89D49D70CA	good	-	-	1770298449.000000	1770899649.000000
1770827056.341283	FlhIO51cOE7nlzPLW5	sha1	E4E395A229D3D4C1C31FF0980C0B4EC0098AABD8	B76BA2EAA8AA848C79EAB4DA0F98B2C59576B9F4	0AAB3DAC5E34E76C01328A89D49D70CA	good	-	-	1770298449.000000	1770899649.000000
1770827056.365940	FJ3PtM3EWpMJqptRY8	sha1	E4E395A229D3D4C1C31FF0980C0B4EC0098AABD8	B76BA2EAA8AA848C79EAB4DA0F98B2C59576B9F4	0AAB3DAC5E34E76C01328A89D49D70CA	good	-	-	1770298449.000000	1770899649.000000
1770827056.369371	F3dIOT27jxk869AvLb	sha1	E4E395A229D3D4C1C31FF0980C0B4EC0098AABD8	B76BA2EAA8AA848C79EAB4DA0F98B2C59576B9F4	0AAB3DAC5E34E76C01328A89D49D70CA	good	-	-	1770298449.000000	1770899649.000000
1770827056.373146	F5D0Ql1rI4moirVji	sha1	E4E395A229D3D4C1C31FF0980C0B4EC0098AABD8	B76BA2EAA8AA848C79EAB4DA0F98B2C59576B9F4	0AAB3DAC5E34E76C01328A89D49D70CA	good	-	-	1770298449.000000	1770899649.000000
1770827056.373147	FXjMFCgbgJPdD8Ld9	sha1	E4E395A229D3D4C1C31FF0980C0B4EC0098AABD8	B76BA2EAA8AA848C79EAB4DA0F98B2C59576B9F4	0AAB3DAC5E34E76C01328A89D49D70CA	good	-	-	1770298449.000000	1770899649.000000
1770827060.456392	Fwkwzb17NM1e7rTz7a	sha1	E4E395A229D3D4C1C31FF0980C0B4EC0098AABD8	B76BA2EAA8AA848C79EAB4DA0F98B2C59576B9F4	0AAB3DAC5E34E76C01328A89D49D70CA	good	-	-	1770298449.000000	1770899649.000000
#close	2026-02-11-11-26-26
